<?xml version="1.0" encoding="UTF-8"?>
<testsuite xmlns:xsi="http://www.w3.org/2001/XMLSchema-instance" xsi:noNamespaceSchemaLocation="https://maven.apache.org/surefire/maven-surefire-plugin/xsd/surefire-test-report.xsd" name="org.java.employee.EmployeeTest" time="0.001" tests="4" errors="4" skipped="0" failures="0">
  <properties>
[...]
</properties>
  <testcase name="getEmployeeWithInvalidRuleTest" classname="org.java.employee.EmployeeTest" time="0">
    <error message="Il ruolo deve essere employee o boss" type="java.lang.Exception">java.lang.Exception: Il ruolo deve essere employee o boss
	at org.java.employee.EmployeeTest.getEmployeeWithInvalidRuleTest(EmployeeTest.java:58)
</error>
  </testcase>
  <testcase name="getEmployeeWithEmptySurnameTest" classname="org.java.employee.EmployeeTest" time="0">
    <error message="Il cognome deve contenere almeno 3 caratteri" type="java.lang.Exception">java.lang.Exception: Il cognome deve contenere almeno 3 caratteri
	at org.java.employee.EmployeeTest.getEmployeeWithEmptySurnameTest(EmployeeTest.java:32)
</error>
  </testcase>
  <testcase name="getEmployeeWithFutureDateTest" classname="org.java.employee.EmployeeTest" time="0">
    <error message="La data deve essere nel passato" type="java.lang.Exception">java.lang.Exception: La data deve essere nel passato
	at org.java.employee.EmployeeTest.getEmployeeWithFutureDateTest(EmployeeTest.java:45)
</error>
  </testcase>
  <testcase name="getEmployeeWithEmptyNameTest" classname="org.java.employee.EmployeeTest" time="0">
    <error message="Il nome deve contenere almeno 3 caratteri" type="java.lang.Exception">java.lang.Exception: Il nome deve contenere almeno 3 caratteri
	at org.java.employee.EmployeeTest.getEmployeeWithEmptyNameTest(EmployeeTest.java:19)
</error>
  </testcase>
</testsuite>